\BOOKMARK [1][-]{section.1}{\376\377\000B\000r\000i\000e\000f\000\040\000I\000n\000t\000r\000o\000d\000u\000c\000t\000i\000o\000n\000\040\000t\000o\000\040\000L\000a\000t\000e\000x}{}% 1
\BOOKMARK [2][-]{subsection.1.1}{\376\377\000D\000o\000w\000n\000l\000o\000a\000d\000i\000n\000g\000\040\000T\000e\000x\000\040\000S\000t\000u\000d\000i\000o}{section.1}% 2
\BOOKMARK [2][-]{subsection.1.2}{\376\377\000S\000o\000u\000r\000c\000e\000\040\000C\000o\000d\000e\000\040\000a\000n\000d\000\040\000R\000e\000s\000u\000m\000e\000\040\000T\000e\000m\000p\000l\000a\000t\000e\000s}{section.1}% 3
\BOOKMARK [2][-]{subsection.1.3}{\376\377\000L\000a\000T\000e\000X\000\040\000F\000i\000l\000e\000s}{section.1}% 4
\BOOKMARK [3][-]{subsubsection.1.3.1}{\376\377\000L\000a\000T\000e\000X\000\040\000C\000o\000m\000m\000a\000n\000d\000s}{subsection.1.3}% 5
\BOOKMARK [2][-]{subsection.1.4}{\376\377\000G\000e\000n\000e\000r\000a\000l\000\040\000I\000t\000e\000m\000s}{section.1}% 6
\BOOKMARK [2][-]{subsection.1.5}{\376\377\000T\000e\000r\000m\000i\000n\000o\000l\000o\000g\000y\000\040\000t\000o\000\040\000K\000n\000o\000w}{section.1}% 7
\BOOKMARK [2][-]{subsection.1.6}{\376\377\000T\000e\000x\000\040\000S\000t\000u\000d\000i\000o\000\040\000C\000o\000m\000m\000a\000n\000d\000s}{section.1}% 8
\BOOKMARK [2][-]{subsection.1.7}{\376\377\000C\000r\000e\000a\000t\000i\000n\000g\000\040\000T\000e\000m\000p\000l\000a\000t\000e\000s}{section.1}% 9
\BOOKMARK [1][-]{section.2}{\376\377\000S\000o\000l\000i\000d\000\040\000P\000r\000i\000n\000c\000i\000p\000l\000e\000s}{}% 10
\BOOKMARK [2][-]{subsection.2.1}{\376\377\000S\000i\000n\000g\000l\000e\000-\000R\000e\000s\000p\000o\000n\000s\000i\000b\000i\000l\000i\000t\000y}{section.2}% 11
\BOOKMARK [2][-]{subsection.2.2}{\376\377\000O\000p\000e\000n\000-\000C\000l\000o\000s\000e}{section.2}% 12
\BOOKMARK [2][-]{subsection.2.3}{\376\377\000L\000i\000s\000k\000o\000v\000\040\000S\000u\000b\000s\000t\000i\000t\000u\000t\000i\000o\000n}{section.2}% 13
\BOOKMARK [2][-]{subsection.2.4}{\376\377\000I\000n\000t\000e\000r\000f\000a\000c\000e\000\040\000S\000e\000g\000r\000e\000g\000a\000t\000i\000o\000n}{section.2}% 14
\BOOKMARK [2][-]{subsection.2.5}{\376\377\000D\000e\000p\000e\000n\000d\000e\000n\000c\000y\000\040\000I\000n\000v\000e\000r\000s\000i\000o\000n}{section.2}% 15
\BOOKMARK [1][-]{section.3}{\376\377\000D\000e\000s\000i\000g\000n\000\040\000P\000a\000t\000t\000e\000r\000n\000s}{}% 16
\BOOKMARK [2][-]{subsection.3.1}{\376\377\000C\000r\000e\000a\000t\000i\000o\000n\000a\000l\000\040\000P\000a\000t\000t\000e\000r\000n\000s}{section.3}% 17
\BOOKMARK [3][-]{subsubsection.3.1.1}{\376\377\000F\000a\000c\000t\000o\000r\000y\000\040\000M\000e\000t\000h\000o\000d}{subsection.3.1}% 18
\BOOKMARK [3][-]{subsubsection.3.1.2}{\376\377\000A\000b\000s\000t\000r\000a\000c\000t\000\040\000F\000a\000c\000t\000o\000r\000y}{subsection.3.1}% 19
\BOOKMARK [3][-]{subsubsection.3.1.3}{\376\377\000B\000u\000i\000l\000d\000e\000r}{subsection.3.1}% 20
\BOOKMARK [3][-]{subsubsection.3.1.4}{\376\377\000P\000r\000o\000t\000o\000t\000y\000p\000e}{subsection.3.1}% 21
\BOOKMARK [3][-]{subsubsection.3.1.5}{\376\377\000S\000i\000n\000g\000l\000e\000t\000o\000n}{subsection.3.1}% 22
\BOOKMARK [2][-]{subsection.3.2}{\376\377\000B\000e\000h\000a\000v\000i\000o\000r\000a\000l\000\040\000P\000a\000t\000t\000e\000r\000n\000s}{section.3}% 23
\BOOKMARK [3][-]{subsubsection.3.2.1}{\376\377\000C\000h\000a\000i\000n\000\040\000o\000f\000\040\000R\000e\000s\000p\000o\000n\000s\000i\000b\000i\000l\000i\000t\000y}{subsection.3.2}% 24
\BOOKMARK [3][-]{subsubsection.3.2.2}{\376\377\000C\000o\000m\000m\000a\000n\000d}{subsection.3.2}% 25
\BOOKMARK [3][-]{subsubsection.3.2.3}{\376\377\000I\000t\000e\000r\000a\000t\000o\000r}{subsection.3.2}% 26
\BOOKMARK [3][-]{subsubsection.3.2.4}{\376\377\000M\000e\000d\000i\000a\000t\000o\000r}{subsection.3.2}% 27
\BOOKMARK [3][-]{subsubsection.3.2.5}{\376\377\000M\000e\000m\000e\000n\000t\000o}{subsection.3.2}% 28
\BOOKMARK [3][-]{subsubsection.3.2.6}{\376\377\000O\000b\000s\000e\000r\000v\000e\000r}{subsection.3.2}% 29
\BOOKMARK [3][-]{subsubsection.3.2.7}{\376\377\000S\000t\000a\000t\000e}{subsection.3.2}% 30
\BOOKMARK [3][-]{subsubsection.3.2.8}{\376\377\000S\000t\000r\000a\000t\000e\000g\000y}{subsection.3.2}% 31
\BOOKMARK [3][-]{subsubsection.3.2.9}{\376\377\000T\000e\000m\000p\000l\000a\000t\000e\000\040\000M\000e\000t\000h\000o\000d}{subsection.3.2}% 32
\BOOKMARK [3][-]{subsubsection.3.2.10}{\376\377\000V\000i\000s\000i\000t\000o\000r}{subsection.3.2}% 33
\BOOKMARK [2][-]{subsection.3.3}{\376\377\000S\000t\000r\000u\000c\000t\000u\000r\000a\000l\000\040\000P\000a\000t\000t\000e\000r\000n\000s}{section.3}% 34
\BOOKMARK [3][-]{subsubsection.3.3.1}{\376\377\000A\000d\000a\000p\000t\000e\000r}{subsection.3.3}% 35
\BOOKMARK [3][-]{subsubsection.3.3.2}{\376\377\000B\000r\000i\000d\000g\000e}{subsection.3.3}% 36
\BOOKMARK [3][-]{subsubsection.3.3.3}{\376\377\000C\000o\000m\000p\000o\000s\000i\000t\000e}{subsection.3.3}% 37
\BOOKMARK [3][-]{subsubsection.3.3.4}{\376\377\000D\000e\000c\000o\000r\000a\000t\000o\000r}{subsection.3.3}% 38
\BOOKMARK [3][-]{subsubsection.3.3.5}{\376\377\000F\000a\000c\000a\000d\000e}{subsection.3.3}% 39
\BOOKMARK [3][-]{subsubsection.3.3.6}{\376\377\000F\000l\000y\000w\000e\000i\000g\000h\000t}{subsection.3.3}% 40
\BOOKMARK [3][-]{subsubsection.3.3.7}{\376\377\000P\000r\000o\000x\000y}{subsection.3.3}% 41
\BOOKMARK [1][-]{section.4}{\376\377\000S\000m\000a\000r\000t\000\040\000P\000o\000i\000n\000t\000e\000r\000s}{}% 42
\BOOKMARK [2][-]{subsection.4.1}{\376\377\000S\000m\000a\000r\000t\000\040\000P\000o\000i\000n\000t\000e\000r\000s\000\040\000i\000n\000\040\000C\000+\000+}{section.4}% 43
\BOOKMARK [3][-]{subsubsection.4.1.1}{\376\377\000s\000t\000d\000:\000:\000u\000n\000i\000q\000u\000e\000`\000p\000t\000r}{subsection.4.1}% 44
\BOOKMARK [3][-]{subsubsection.4.1.2}{\376\377\000s\000t\000d\000:\000:\000s\000h\000a\000r\000e\000d\000`\000p\000t\000r}{subsection.4.1}% 45
\BOOKMARK [3][-]{subsubsection.4.1.3}{\376\377\000s\000t\000d\000:\000:\000w\000e\000a\000k\000`\000p\000t\000r}{subsection.4.1}% 46
\BOOKMARK [1][-]{subsubsection.4.1.3}{\376\377\000\040\000\040\000\040\000\040\000R\000e\000f\000e\000r\000e\000n\000c\000e\000s}{}% 47
